<?xml version="1.0" ?>
<testsuites failures="0" name="TestXML" tests="4" time="4.25">
	<testsuite name="A Basic Ground Frog Controller should..." failures="0"  tests="1" time="0">
		<testcase name="ChangeDirectionProperly" time="0"></testcase>
	</testsuite>

	<testsuite name="Camera Controller should..." failures="0"  tests="1" time="0">
		<testcase name="UpdateXPostion" time="0"></testcase>
	</testsuite>

	<testsuite name="Cucumber Controller should..." failures="0"  tests="1" time="0">
		<testcase name="BehaveWhenTouchedByPlayer" time="0"></testcase>
	</testsuite>

	<testsuite name="A Player Controller should..." failures="0"  tests="2" time="0">
		<testcase name="InstantiateCorrectly" time="0"></testcase>
		<testcase name="ReportFacingRight" time="0"></testcase>
	</testsuite>

</testsuites>